<?xml version="1.0" encoding="UTF-8"?>
<!-- Generated by org.testng.reporters.JUnitReportReporter -->
<testsuite hostname="Zypherus-G14" failures="0" tests="1" name="com.Initial.StandaloneTest2" time="8.025" errors="0" timestamp="2024-11-15T11:22:28 IST" skipped="0">
  <testcase classname="com.Initial.StandaloneTest2" name="submitOrder" time="8.025"/>
</testsuite> <!-- com.Initial.StandaloneTest2 -->
