<?xml version="1.0" encoding="UTF-8"?>
<!-- Generated by org.testng.reporters.JUnitReportReporter -->
<testsuite hostname="Zypherus-G14" failures="0" tests="3" name="com.Initial.SubmitOrder" time="19.988" errors="0" timestamp="2024-11-17T15:03:44 IST" skipped="0">
  <testcase classname="com.Initial.SubmitOrder" name="submitOrderIphone" time="7.892"/>
  <testcase classname="com.Initial.SubmitOrder" name="orderHistoryIphone" time="4.061"/>
  <testcase classname="com.Initial.SubmitOrder" name="submitOrderIphone" time="8.035"/>
</testsuite> <!-- com.Initial.SubmitOrder -->
