<?xml version="1.0" encoding="UTF-8"?>
<!-- Generated by org.testng.reporters.JUnitReportReporter -->
<testsuite hostname="Zypherus-G14" failures="0" tests="1" name="com.Initial.ErrorValidations" time="4.372" errors="0" timestamp="2024-11-25T13:34:22 IST" skipped="0">
  <testcase classname="com.Initial.ErrorValidations" name="wrongLogin" time="4.372"/>
</testsuite> <!-- com.Initial.ErrorValidations -->
