<?xml version="1.0" encoding="UTF-8"?>
<!-- Generated by org.testng.reporters.JUnitReportReporter -->
<testsuite hostname="Zypherus-G14" failures="0" tests="2" name="com.Initial.ErrorValidations" time="10.124" errors="0" timestamp="2024-11-17T16:02:27 IST" skipped="0">
  <testcase classname="com.Initial.ErrorValidations" name="wrongLogin2" time="7.192"/>
  <testcase classname="com.Initial.ErrorValidations" name="wrongLogin" time="2.932"/>
</testsuite> <!-- com.Initial.ErrorValidations -->
