<?xml version="1.0" encoding="UTF-8"?>
<!-- Generated by org.testng.reporters.JUnitReportReporter -->
<testsuite hostname="Zypherus-G14" failures="0" tests="3" name="com.Initial.SubmitOrder" time="21.194" errors="0" timestamp="2024-11-17T16:02:27 IST" skipped="0">
  <testcase classname="com.Initial.SubmitOrder" name="orderHistoryIphone" time="3.003"/>
  <testcase classname="com.Initial.SubmitOrder" name="submitOrderIphone" time="10.802"/>
  <testcase classname="com.Initial.SubmitOrder" name="submitOrderIphone" time="7.389"/>
</testsuite> <!-- com.Initial.SubmitOrder -->
